<?xml version="1.0" encoding="UTF-8"?>
<testng-results ignored="0" total="5" passed="5" failed="0" skipped="0">
  <reporter-output>
  </reporter-output>
  <suite started-at="2023-05-23T19:41:39 PST" name="All Test Suite" finished-at="2023-05-23T19:42:06 PST" duration-ms="27896">
    <groups>
    </groups>
    <test started-at="2023-05-23T19:41:39 PST" name="Login Scenarios" finished-at="2023-05-23T19:41:50 PST" duration-ms="11040">
      <class name="test.testcases.loginScenario">
        <test-method is-config="true" signature="init()[pri:0, instance:test.testcases.loginScenario@795cd85e]" started-at="2023-05-23T19:41:39 PST" name="init" finished-at="2023-05-23T19:41:40 PST" duration-ms="1910" status="PASS">
          <reporter-output>
          </reporter-output>
        </test-method> <!-- init -->
        <test-method is-config="true" signature="beforeClass()[pri:0, instance:test.testcases.loginScenario@795cd85e]" started-at="2023-05-23T19:41:40 PST" name="beforeClass" finished-at="2023-05-23T19:41:42 PST" duration-ms="1527" status="PASS">
          <reporter-output>
          </reporter-output>
        </test-method> <!-- beforeClass -->
        <test-method signature="tc1()[pri:0, instance:test.testcases.loginScenario@795cd85e]" started-at="2023-05-23T19:41:42 PST" name="tc1" description="Verify Elements on Sign In Modal" finished-at="2023-05-23T19:41:43 PST" duration-ms="736" status="PASS">
          <reporter-output>
          </reporter-output>
        </test-method> <!-- tc1 -->
        <test-method signature="tc2()[pri:0, instance:test.testcases.loginScenario@795cd85e]" started-at="2023-05-23T19:41:43 PST" name="tc2" description="Verify Validation of Missing Email or Password" finished-at="2023-05-23T19:41:44 PST" duration-ms="1369" status="PASS">
          <reporter-output>
          </reporter-output>
        </test-method> <!-- tc2 -->
        <test-method signature="tc3()[pri:0, instance:test.testcases.loginScenario@795cd85e]" started-at="2023-05-23T19:41:44 PST" name="tc3" description="Verify Validation of Invalid Password" finished-at="2023-05-23T19:41:47 PST" duration-ms="2789" status="PASS">
          <reporter-output>
          </reporter-output>
        </test-method> <!-- tc3 -->
        <test-method signature="tc4()[pri:0, instance:test.testcases.loginScenario@795cd85e]" started-at="2023-05-23T19:41:47 PST" name="tc4" description="Verify if User Successfully Sign In" finished-at="2023-05-23T19:41:49 PST" duration-ms="2479" status="PASS">
          <reporter-output>
          </reporter-output>
        </test-method> <!-- tc4 -->
        <test-method is-config="true" signature="tearDown()[pri:0, instance:test.testcases.loginScenario@795cd85e]" started-at="2023-05-23T19:41:49 PST" name="tearDown" finished-at="2023-05-23T19:41:50 PST" duration-ms="202" status="PASS">
          <reporter-output>
          </reporter-output>
        </test-method> <!-- tearDown -->
      </class> <!-- test.testcases.loginScenario -->
    </test> <!-- Login Scenarios -->
    <test started-at="2023-05-23T19:41:50 PST" name="Search Scenarios" finished-at="2023-05-23T19:42:06 PST" duration-ms="16835">
      <class name="test.testcases.searchScenario">
        <test-method is-config="true" signature="init()[pri:0, instance:test.testcases.searchScenario@1aa7ecca]" started-at="2023-05-23T19:41:50 PST" name="init" finished-at="2023-05-23T19:41:51 PST" duration-ms="1057" status="PASS">
          <reporter-output>
          </reporter-output>
        </test-method> <!-- init -->
        <test-method is-config="true" signature="beforeClass()[pri:0, instance:test.testcases.searchScenario@1aa7ecca]" started-at="2023-05-23T19:41:51 PST" name="beforeClass" finished-at="2023-05-23T19:42:02 PST" duration-ms="11397" status="PASS">
          <reporter-output>
          </reporter-output>
        </test-method> <!-- beforeClass -->
        <test-method signature="tc1()[pri:0, instance:test.testcases.searchScenario@1aa7ecca]" started-at="2023-05-23T19:42:02 PST" name="tc1" description="Verify if User Successfully Sign In" finished-at="2023-05-23T19:42:06 PST" duration-ms="4190" status="PASS">
          <reporter-output>
          </reporter-output>
        </test-method> <!-- tc1 -->
        <test-method is-config="true" signature="tearDown()[pri:0, instance:test.testcases.searchScenario@1aa7ecca]" started-at="2023-05-23T19:42:06 PST" name="tearDown" finished-at="2023-05-23T19:42:06 PST" duration-ms="188" status="PASS">
          <reporter-output>
          </reporter-output>
        </test-method> <!-- tearDown -->
      </class> <!-- test.testcases.searchScenario -->
    </test> <!-- Search Scenarios -->
  </suite> <!-- All Test Suite -->
</testng-results>
