<?xml version="1.0" encoding="UTF-8"?>
<!-- Generated by org.testng.reporters.JUnitXMLReporter -->
<testsuite ignored="0" hostname="LAPTOP-S18PCNMB" failures="0" tests="4" name="Login Scenarios" time="13.841" errors="0" timestamp="2023-05-23T11:18:58 PST">
  <testcase classname="test.testcases.loginScenario" name="tc1" time="0.797"/>
  <testcase classname="test.testcases.loginScenario" name="tc2" time="1.741"/>
  <testcase classname="test.testcases.loginScenario" name="tc3" time="3.582"/>
  <testcase classname="test.testcases.loginScenario" name="tc4" time="2.585"/>
</testsuite> <!-- Login Scenarios -->
