<?xml version="1.0" encoding="UTF-8"?>
<!-- Generated by org.testng.reporters.JUnitXMLReporter -->
<testsuite ignored="0" hostname="LAPTOP-S18PCNMB" failures="0" tests="4" name="Login Scenarios" time="11.04" errors="0" timestamp="2023-05-23T19:41:50 PST">
  <testcase classname="test.testcases.loginScenario" name="tc1" time="0.736"/>
  <testcase classname="test.testcases.loginScenario" name="tc2" time="1.369"/>
  <testcase classname="test.testcases.loginScenario" name="tc3" time="2.789"/>
  <testcase classname="test.testcases.loginScenario" name="tc4" time="2.479"/>
</testsuite> <!-- Login Scenarios -->
